<?xml version="1.0" encoding="UTF-8"?>
<testng-results skipped="0" failed="0" total="5" passed="5">
  <reporter-output>
  </reporter-output>
  <suite name="Suite" duration-ms="720630" started-at="2021-01-05T05:34:08Z" finished-at="2021-01-05T05:46:09Z">
    <groups>
    </groups>
    <test name="Test" duration-ms="720630" started-at="2021-01-05T05:34:08Z" finished-at="2021-01-05T05:46:09Z">
      <class name="epicList_Chrome.AllClassCalling_Enterprise_Licenses">
        <test-method status="PASS" signature="login()[pri:0, instance:epicList_Chrome.AllClassCalling_Enterprise_Licenses@182ff54]" name="login" duration-ms="86335" started-at="2021-01-05T11:04:08Z" finished-at="2021-01-05T11:05:34Z">
          <reporter-output>
          </reporter-output>
        </test-method> <!-- login -->
        <test-method status="PASS" signature="Enterprise_Licenses()[pri:0, instance:epicList_Chrome.AllClassCalling_Enterprise_Licenses@182ff54]" name="Enterprise_Licenses" duration-ms="57452" started-at="2021-01-05T11:05:34Z" finished-at="2021-01-05T11:06:32Z">
          <reporter-output>
          </reporter-output>
        </test-method> <!-- Enterprise_Licenses -->
        <test-method status="PASS" signature="Enterprise_License_Settings()[pri:0, instance:epicList_Chrome.AllClassCalling_Enterprise_Licenses@182ff54]" name="Enterprise_License_Settings" duration-ms="519979" started-at="2021-01-05T11:06:32Z" finished-at="2021-01-05T11:15:12Z">
          <reporter-output>
          </reporter-output>
        </test-method> <!-- Enterprise_License_Settings -->
        <test-method status="PASS" signature="Enterprise_Developer_API_Key()[pri:0, instance:epicList_Chrome.AllClassCalling_Enterprise_Licenses@182ff54]" name="Enterprise_Developer_API_Key" duration-ms="36314" started-at="2021-01-05T11:15:12Z" finished-at="2021-01-05T11:15:48Z">
          <reporter-output>
          </reporter-output>
        </test-method> <!-- Enterprise_Developer_API_Key -->
        <test-method status="PASS" signature="logout()[pri:0, instance:epicList_Chrome.AllClassCalling_Enterprise_Licenses@182ff54]" name="logout" duration-ms="12767" started-at="2021-01-05T11:15:48Z" finished-at="2021-01-05T11:16:01Z">
          <reporter-output>
          </reporter-output>
        </test-method> <!-- logout -->
        <test-method status="FAIL" signature="flushTest()[pri:0, instance:epicList_Chrome.AllClassCalling_Enterprise_Licenses@182ff54]" name="flushTest" is-config="true" duration-ms="0" started-at="2021-01-05T11:16:01Z" finished-at="2021-01-05T11:16:01Z">
          <exception class="java.lang.RuntimeException">
            <message>
              <![CDATA[javax.mail.MessagingException: IOException while sending message;
  nested exception is:
	java.io.FileNotFoundException: E:\Automation\BO\reports.html (The system cannot find the path specified)]]>
            </message>
            <full-stacktrace>
              <![CDATA[java.lang.RuntimeException: javax.mail.MessagingException: IOException while sending message;
  nested exception is:
	java.io.FileNotFoundException: E:\Automation\BO\reports.html (The system cannot find the path specified)
	at epicList_Chrome.SendMail.snedMailWithAttachment(SendMail.java:136)
	at epicList_Chrome.AllClassCalling_Enterprise_Licenses.flushTest(AllClassCalling_Enterprise_Licenses.java:31)
	at sun.reflect.NativeMethodAccessorImpl.invoke0(Native Method)
	at sun.reflect.NativeMethodAccessorImpl.invoke(NativeMethodAccessorImpl.java:62)
	at sun.reflect.DelegatingMethodAccessorImpl.invoke(DelegatingMethodAccessorImpl.java:43)
	at java.lang.reflect.Method.invoke(Method.java:498)
	at org.testng.internal.MethodInvocationHelper.invokeMethod(MethodInvocationHelper.java:80)
	at org.testng.internal.Invoker.invokeConfigurationMethod(Invoker.java:564)
	at org.testng.internal.Invoker.invokeConfigurations(Invoker.java:213)
	at org.testng.internal.Invoker.invokeConfigurations(Invoker.java:138)
	at org.testng.internal.TestMethodWorker.invokeAfterClassMethods(TestMethodWorker.java:225)
	at org.testng.internal.TestMethodWorker.run(TestMethodWorker.java:114)
	at org.testng.TestRunner.privateRun(TestRunner.java:767)
	at org.testng.TestRunner.run(TestRunner.java:617)
	at org.testng.SuiteRunner.runTest(SuiteRunner.java:334)
	at org.testng.SuiteRunner.runSequentially(SuiteRunner.java:329)
	at org.testng.SuiteRunner.privateRun(SuiteRunner.java:291)
	at org.testng.SuiteRunner.run(SuiteRunner.java:240)
	at org.testng.SuiteRunnerWorker.runSuite(SuiteRunnerWorker.java:52)
	at org.testng.SuiteRunnerWorker.run(SuiteRunnerWorker.java:86)
	at org.testng.TestNG.runSuitesSequentially(TestNG.java:1198)
	at org.testng.TestNG.runSuitesLocally(TestNG.java:1123)
	at org.testng.TestNG.run(TestNG.java:1031)
	at org.testng.remote.AbstractRemoteTestNG.run(AbstractRemoteTestNG.java:114)
	at org.testng.remote.RemoteTestNG.initAndRun(RemoteTestNG.java:251)
	at org.testng.remote.RemoteTestNG.main(RemoteTestNG.java:77)
Caused by: javax.mail.MessagingException: IOException while sending message;
  nested exception is:
	java.io.FileNotFoundException: E:\Automation\BO\reports.html (The system cannot find the path specified)
	at com.sun.mail.smtp.SMTPTransport.sendMessage(SMTPTransport.java:1244)
	at javax.mail.Transport.send0(Transport.java:254)
	at javax.mail.Transport.send(Transport.java:124)
	at epicList_Chrome.SendMail.snedMailWithAttachment(SendMail.java:130)
	... 25 more
Caused by: java.io.FileNotFoundException: E:\Automation\BO\reports.html (The system cannot find the path specified)
	at java.io.FileInputStream.open0(Native Method)
	at java.io.FileInputStream.open(FileInputStream.java:195)
	at java.io.FileInputStream.<init>(FileInputStream.java:138)
	at javax.activation.FileDataSource.getInputStream(FileDataSource.java:97)
	at javax.activation.DataHandler.writeTo(DataHandler.java:305)
	at javax.mail.internet.MimeBodyPart.writeTo(MimeBodyPart.java:1608)
	at javax.mail.internet.MimeBodyPart.writeTo(MimeBodyPart.java:961)
	at javax.mail.internet.MimeMultipart.writeTo(MimeMultipart.java:553)
	at com.sun.mail.handlers.multipart_mixed.writeTo(multipart_mixed.java:103)
	at javax.activation.ObjectDataContentHandler.writeTo(DataHandler.java:889)
	at javax.activation.DataHandler.writeTo(DataHandler.java:317)
	at javax.mail.internet.MimeBodyPart.writeTo(MimeBodyPart.java:1608)
	at javax.mail.internet.MimeMessage.writeTo(MimeMessage.java:1849)
	at com.sun.mail.smtp.SMTPTransport.sendMessage(SMTPTransport.java:1196)
	... 28 more
]]>
            </full-stacktrace>
          </exception> <!-- java.lang.RuntimeException -->
          <reporter-output>
          </reporter-output>
        </test-method> <!-- flushTest -->
      </class> <!-- epicList_Chrome.AllClassCalling_Enterprise_Licenses -->
    </test> <!-- Test -->
  </suite> <!-- Suite -->
</testng-results>
